{29/01/2015 19:48:25} [0;34m[1mINFO   [0m - API Version requested
{29/01/2015 19:48:25} [0;34m[1mINFO   [0m - Getting the data from ../../config/config.json
{29/01/2015 19:48:25} [0;36m[1mNOTICE [0m - Looking for file: ../../config/config.json
{29/01/2015 19:48:25} [0;32m[1mSUCCESS[0m - File found
{29/01/2015 19:48:25} [0;32m[1mSUCCESS[0m - JSON retreived: {
	"version": {
		"api": "0.0.1",
		"framework": "0.0.1"
	},
	"database": {
		"host": "localhost",
		"username": "nick",
		"password": "DevAcc",
		"name": "cms",
		"prefix": "ng_",
		"charset": "utf8"
	},
	"keys": {
		"salting": "",
		"api": "",
		"login": ""
	},
	"debug": false,
	"paths": {
		"absolute": "/Users/NickGreen/Documents/workspace/cms/code/",
		"logs": "/Users/NickGreen/Documents/workspace/cms/code/logs/",
		"directories": {
			"assets": {
				"root": "assets/",
				"images": "image/",
				"videos": "video/",
				"themes": "theme/",
				"documents": {
					"root": "documents/",
					"docs": "doc/",
					"pdfs": "pdf/",
					"spreadsheets": "spreadsheet/",
					"txt": "txt/"
				}
			}
		}
	}
}
{29/01/2015 19:48:25} [0;37m[1mDEBUG  [0m - API Version: 0.0.1
